2021-05-10 14:52:26.493  INFO 19556 --- [main] com.example.dcloud.DcloudApplication     : Starting DcloudApplication on DESKTOP-49UQ0KP with PID 19556 (started by paranoid in C:\Users\paranoid\Documents\Tencent Files\791937916\FileRecv\Springboot-cloud (1)\Springboot-cloud)
2021-05-10 14:52:26.499  INFO 19556 --- [main] com.example.dcloud.DcloudApplication     : No active profile set, falling back to default profiles: default
2021-05-10 14:52:29.967  INFO 19556 --- [main] o.s.b.w.embedded.tomcat.TomcatWebServer  : Tomcat initialized with port(s): 8080 (http)
2021-05-10 14:52:29.990  INFO 19556 --- [main] o.apache.catalina.core.StandardService   : Starting service [Tomcat]
2021-05-10 14:52:29.990  INFO 19556 --- [main] org.apache.catalina.core.StandardEngine  : Starting Servlet engine: [Apache Tomcat/9.0.31]
2021-05-10 14:52:30.269  INFO 19556 --- [main] o.a.c.c.C.[Tomcat].[localhost].[/]       : Initializing Spring embedded WebApplicationContext
2021-05-10 14:52:30.269  INFO 19556 --- [main] o.s.web.context.ContextLoader            : Root WebApplicationContext: initialization completed in 3606 ms
2021-05-10 14:52:32.329  INFO 19556 --- [main] com.zaxxer.hikari.HikariDataSource       : DatebookHikariCP - Starting...
2021-05-10 14:52:33.261  INFO 19556 --- [main] com.zaxxer.hikari.HikariDataSource       : DatebookHikariCP - Start completed.
2021-05-10 14:52:34.791  INFO 19556 --- [main] pertySourcedRequestMappingHandlerMapping : Mapped URL path [/v2/api-docs] onto method [springfox.documentation.swagger2.web.Swagger2Controller#getDocumentation(String, HttpServletRequest)]
2021-05-10 14:52:34.844  INFO 19556 --- [main] o.s.s.concurrent.ThreadPoolTaskExecutor  : Initializing ExecutorService 'applicationTaskExecutor'
2021-05-10 14:52:34.976  INFO 19556 --- [main] d.s.w.p.DocumentationPluginsBootstrapper : Context refreshed
2021-05-10 14:52:35.055  INFO 19556 --- [main] d.s.w.p.DocumentationPluginsBootstrapper : Found 1 custom documentation plugin(s)
2021-05-10 14:52:35.089  INFO 19556 --- [main] s.d.s.w.s.ApiListingReferenceScanner     : Scanning for api listing references
2021-05-10 14:52:35.221  INFO 19556 --- [main] .d.s.w.r.o.CachingOperationNameGenerator : Generating unique operation named: getUsingGET_1
2021-05-10 14:52:35.251  INFO 19556 --- [main] .d.s.w.r.o.CachingOperationNameGenerator : Generating unique operation named: updateUsingPATCH_1
2021-05-10 14:52:35.254  INFO 19556 --- [main] .d.s.w.r.o.CachingOperationNameGenerator : Generating unique operation named: updateUsingPATCH_2
2021-05-10 14:52:35.268  INFO 19556 --- [main] .d.s.w.r.o.CachingOperationNameGenerator : Generating unique operation named: delMenuUsingDELETE_1
2021-05-10 14:52:35.269  INFO 19556 --- [main] .d.s.w.r.o.CachingOperationNameGenerator : Generating unique operation named: getListUsingGET_1
2021-05-10 14:52:35.270  INFO 19556 --- [main] .d.s.w.r.o.CachingOperationNameGenerator : Generating unique operation named: saveOneUsingPOST_1
2021-05-10 14:52:35.284  INFO 19556 --- [main] .d.s.w.r.o.CachingOperationNameGenerator : Generating unique operation named: updateUsingPATCH_3
2021-05-10 14:52:35.392  INFO 19556 --- [main] o.s.b.w.embedded.tomcat.TomcatWebServer  : Tomcat started on port(s): 8080 (http) with context path ''
2021-05-10 14:52:35.394  INFO 19556 --- [main] com.example.dcloud.DcloudApplication     : Started DcloudApplication in 9.672 seconds (JVM running for 15.364)
2021-05-10 15:03:49.858  INFO 19556 --- [http-nio-8080-exec-6] o.a.c.c.C.[Tomcat].[localhost].[/]       : Initializing Spring DispatcherServlet 'dispatcherServlet'
2021-05-10 15:03:49.862  INFO 19556 --- [http-nio-8080-exec-6] o.s.web.servlet.DispatcherServlet        : Initializing Servlet 'dispatcherServlet'
2021-05-10 15:03:50.263  INFO 19556 --- [http-nio-8080-exec-6] o.s.web.servlet.DispatcherServlet        : Completed initialization in 401 ms
2021-05-10 15:07:18.286  INFO 19556 --- [http-nio-8080-exec-9] c.e.dcloud.controller.LoginController    : ======loginByPassword======account：791937916@qq.com, password：ym12345===登录成功
2021-05-10 16:09:50.291  INFO 21948 --- [main] com.example.dcloud.DcloudApplication     : Starting DcloudApplication on DESKTOP-49UQ0KP with PID 21948 (started by paranoid in C:\Users\paranoid\Documents\Tencent Files\791937916\FileRecv\Springboot-cloud (1)\Springboot-cloud)
2021-05-10 16:09:50.294  INFO 21948 --- [main] com.example.dcloud.DcloudApplication     : No active profile set, falling back to default profiles: default
2021-05-10 16:09:53.378  INFO 21948 --- [main] o.s.b.w.embedded.tomcat.TomcatWebServer  : Tomcat initialized with port(s): 8080 (http)
2021-05-10 16:09:53.411  INFO 21948 --- [main] o.apache.catalina.core.StandardService   : Starting service [Tomcat]
2021-05-10 16:09:53.411  INFO 21948 --- [main] org.apache.catalina.core.StandardEngine  : Starting Servlet engine: [Apache Tomcat/9.0.31]
2021-05-10 16:09:53.726  INFO 21948 --- [main] o.a.c.c.C.[Tomcat].[localhost].[/]       : Initializing Spring embedded WebApplicationContext
2021-05-10 16:09:53.726  INFO 21948 --- [main] o.s.web.context.ContextLoader            : Root WebApplicationContext: initialization completed in 3330 ms
2021-05-10 16:09:54.089  INFO 21948 --- [main] com.zaxxer.hikari.HikariDataSource       : DatebookHikariCP - Starting...
2021-05-10 16:09:54.533  INFO 21948 --- [main] com.zaxxer.hikari.HikariDataSource       : DatebookHikariCP - Start completed.
2021-05-10 16:09:55.987  INFO 21948 --- [main] pertySourcedRequestMappingHandlerMapping : Mapped URL path [/v2/api-docs] onto method [springfox.documentation.swagger2.web.Swagger2Controller#getDocumentation(String, HttpServletRequest)]
2021-05-10 16:09:56.038  INFO 21948 --- [main] o.s.s.concurrent.ThreadPoolTaskExecutor  : Initializing ExecutorService 'applicationTaskExecutor'
2021-05-10 16:09:56.130  INFO 21948 --- [main] d.s.w.p.DocumentationPluginsBootstrapper : Context refreshed
2021-05-10 16:09:56.169  INFO 21948 --- [main] d.s.w.p.DocumentationPluginsBootstrapper : Found 1 custom documentation plugin(s)
2021-05-10 16:09:56.201  INFO 21948 --- [main] s.d.s.w.s.ApiListingReferenceScanner     : Scanning for api listing references
2021-05-10 16:09:56.298  INFO 21948 --- [main] .d.s.w.r.o.CachingOperationNameGenerator : Generating unique operation named: getUsingGET_1
2021-05-10 16:09:56.300  INFO 21948 --- [main] .d.s.w.r.o.CachingOperationNameGenerator : Generating unique operation named: updateUsingPATCH_1
2021-05-10 16:09:56.303  INFO 21948 --- [main] .d.s.w.r.o.CachingOperationNameGenerator : Generating unique operation named: updateUsingPATCH_2
2021-05-10 16:09:56.315  INFO 21948 --- [main] .d.s.w.r.o.CachingOperationNameGenerator : Generating unique operation named: delMenuUsingDELETE_1
2021-05-10 16:09:56.316  INFO 21948 --- [main] .d.s.w.r.o.CachingOperationNameGenerator : Generating unique operation named: getListUsingGET_1
2021-05-10 16:09:56.316  INFO 21948 --- [main] .d.s.w.r.o.CachingOperationNameGenerator : Generating unique operation named: saveOneUsingPOST_1
2021-05-10 16:09:56.330  INFO 21948 --- [main] .d.s.w.r.o.CachingOperationNameGenerator : Generating unique operation named: updateUsingPATCH_3
2021-05-10 16:09:56.386  INFO 21948 --- [main] o.s.b.w.embedded.tomcat.TomcatWebServer  : Tomcat started on port(s): 8080 (http) with context path ''
2021-05-10 16:09:56.399  INFO 21948 --- [main] com.example.dcloud.DcloudApplication     : Started DcloudApplication in 6.597 seconds (JVM running for 8.6)
2021-05-10 16:10:08.687  INFO 21948 --- [http-nio-8080-exec-1] o.a.c.c.C.[Tomcat].[localhost].[/]       : Initializing Spring DispatcherServlet 'dispatcherServlet'
2021-05-10 16:10:08.687  INFO 21948 --- [http-nio-8080-exec-1] o.s.web.servlet.DispatcherServlet        : Initializing Servlet 'dispatcherServlet'
2021-05-10 16:10:08.693  INFO 21948 --- [http-nio-8080-exec-1] o.s.web.servlet.DispatcherServlet        : Completed initialization in 6 ms
2021-05-10 16:17:36.886  INFO 22572 --- [main] com.example.dcloud.DcloudApplication     : Starting DcloudApplication on DESKTOP-49UQ0KP with PID 22572 (started by paranoid in C:\Users\paranoid\Documents\Tencent Files\791937916\FileRecv\Springboot-cloud (1)\Springboot-cloud)
2021-05-10 16:17:36.888  INFO 22572 --- [main] com.example.dcloud.DcloudApplication     : No active profile set, falling back to default profiles: default
2021-05-10 16:17:37.746  INFO 22572 --- [main] o.s.b.w.embedded.tomcat.TomcatWebServer  : Tomcat initialized with port(s): 8080 (http)
2021-05-10 16:17:37.752  INFO 22572 --- [main] o.apache.catalina.core.StandardService   : Starting service [Tomcat]
2021-05-10 16:17:37.752  INFO 22572 --- [main] org.apache.catalina.core.StandardEngine  : Starting Servlet engine: [Apache Tomcat/9.0.31]
2021-05-10 16:17:37.807  INFO 22572 --- [main] o.a.c.c.C.[Tomcat].[localhost].[/]       : Initializing Spring embedded WebApplicationContext
2021-05-10 16:17:37.808  INFO 22572 --- [main] o.s.web.context.ContextLoader            : Root WebApplicationContext: initialization completed in 883 ms
2021-05-10 16:17:37.961  INFO 22572 --- [main] com.zaxxer.hikari.HikariDataSource       : DatebookHikariCP - Starting...
2021-05-10 16:17:38.232  INFO 22572 --- [main] com.zaxxer.hikari.HikariDataSource       : DatebookHikariCP - Start completed.
2021-05-10 16:17:38.908  INFO 22572 --- [main] pertySourcedRequestMappingHandlerMapping : Mapped URL path [/v2/api-docs] onto method [springfox.documentation.swagger2.web.Swagger2Controller#getDocumentation(String, HttpServletRequest)]
2021-05-10 16:17:38.965  INFO 22572 --- [main] o.s.s.concurrent.ThreadPoolTaskExecutor  : Initializing ExecutorService 'applicationTaskExecutor'
2021-05-10 16:17:39.071  INFO 22572 --- [main] d.s.w.p.DocumentationPluginsBootstrapper : Context refreshed
2021-05-10 16:17:39.083  INFO 22572 --- [main] d.s.w.p.DocumentationPluginsBootstrapper : Found 1 custom documentation plugin(s)
2021-05-10 16:17:39.114  INFO 22572 --- [main] s.d.s.w.s.ApiListingReferenceScanner     : Scanning for api listing references
2021-05-10 16:17:39.218  INFO 22572 --- [main] .d.s.w.r.o.CachingOperationNameGenerator : Generating unique operation named: getUsingGET_1
2021-05-10 16:17:39.219  INFO 22572 --- [main] .d.s.w.r.o.CachingOperationNameGenerator : Generating unique operation named: updateUsingPATCH_1
2021-05-10 16:17:39.223  INFO 22572 --- [main] .d.s.w.r.o.CachingOperationNameGenerator : Generating unique operation named: updateUsingPATCH_2
2021-05-10 16:17:39.236  INFO 22572 --- [main] .d.s.w.r.o.CachingOperationNameGenerator : Generating unique operation named: delMenuUsingDELETE_1
2021-05-10 16:17:39.237  INFO 22572 --- [main] .d.s.w.r.o.CachingOperationNameGenerator : Generating unique operation named: getListUsingGET_1
2021-05-10 16:17:39.238  INFO 22572 --- [main] .d.s.w.r.o.CachingOperationNameGenerator : Generating unique operation named: saveOneUsingPOST_1
2021-05-10 16:17:39.252  INFO 22572 --- [main] .d.s.w.r.o.CachingOperationNameGenerator : Generating unique operation named: updateUsingPATCH_3
2021-05-10 16:17:39.289  INFO 22572 --- [main] o.s.b.w.embedded.tomcat.TomcatWebServer  : Tomcat started on port(s): 8080 (http) with context path ''
2021-05-10 16:17:39.291  INFO 22572 --- [main] com.example.dcloud.DcloudApplication     : Started DcloudApplication in 2.653 seconds (JVM running for 3.067)
2021-05-10 16:17:48.514  INFO 22572 --- [http-nio-8080-exec-1] o.a.c.c.C.[Tomcat].[localhost].[/]       : Initializing Spring DispatcherServlet 'dispatcherServlet'
2021-05-10 16:17:48.514  INFO 22572 --- [http-nio-8080-exec-1] o.s.web.servlet.DispatcherServlet        : Initializing Servlet 'dispatcherServlet'
2021-05-10 16:17:48.519  INFO 22572 --- [http-nio-8080-exec-1] o.s.web.servlet.DispatcherServlet        : Completed initialization in 5 ms
2021-05-10 16:19:17.671  INFO 4568 --- [main] com.example.dcloud.DcloudApplication     : Starting DcloudApplication on DESKTOP-49UQ0KP with PID 4568 (started by paranoid in C:\Users\paranoid\Documents\Tencent Files\791937916\FileRecv\Springboot-cloud (1)\Springboot-cloud)
2021-05-10 16:19:17.673  INFO 4568 --- [main] com.example.dcloud.DcloudApplication     : No active profile set, falling back to default profiles: default
2021-05-10 16:19:18.497  INFO 4568 --- [main] o.s.b.w.embedded.tomcat.TomcatWebServer  : Tomcat initialized with port(s): 8080 (http)
2021-05-10 16:19:18.502  INFO 4568 --- [main] o.apache.catalina.core.StandardService   : Starting service [Tomcat]
2021-05-10 16:19:18.503  INFO 4568 --- [main] org.apache.catalina.core.StandardEngine  : Starting Servlet engine: [Apache Tomcat/9.0.31]
2021-05-10 16:19:18.555  INFO 4568 --- [main] o.a.c.c.C.[Tomcat].[localhost].[/]       : Initializing Spring embedded WebApplicationContext
2021-05-10 16:19:18.556  INFO 4568 --- [main] o.s.web.context.ContextLoader            : Root WebApplicationContext: initialization completed in 849 ms
2021-05-10 16:19:18.703  INFO 4568 --- [main] com.zaxxer.hikari.HikariDataSource       : DatebookHikariCP - Starting...
2021-05-10 16:19:18.928  INFO 4568 --- [main] com.zaxxer.hikari.HikariDataSource       : DatebookHikariCP - Start completed.
2021-05-10 16:19:19.500  INFO 4568 --- [main] pertySourcedRequestMappingHandlerMapping : Mapped URL path [/v2/api-docs] onto method [springfox.documentation.swagger2.web.Swagger2Controller#getDocumentation(String, HttpServletRequest)]
2021-05-10 16:19:19.551  INFO 4568 --- [main] o.s.s.concurrent.ThreadPoolTaskExecutor  : Initializing ExecutorService 'applicationTaskExecutor'
2021-05-10 16:19:19.642  INFO 4568 --- [main] d.s.w.p.DocumentationPluginsBootstrapper : Context refreshed
2021-05-10 16:19:19.652  INFO 4568 --- [main] d.s.w.p.DocumentationPluginsBootstrapper : Found 1 custom documentation plugin(s)
2021-05-10 16:19:19.682  INFO 4568 --- [main] s.d.s.w.s.ApiListingReferenceScanner     : Scanning for api listing references
2021-05-10 16:19:19.779  INFO 4568 --- [main] .d.s.w.r.o.CachingOperationNameGenerator : Generating unique operation named: getUsingGET_1
2021-05-10 16:19:19.781  INFO 4568 --- [main] .d.s.w.r.o.CachingOperationNameGenerator : Generating unique operation named: updateUsingPATCH_1
2021-05-10 16:19:19.784  INFO 4568 --- [main] .d.s.w.r.o.CachingOperationNameGenerator : Generating unique operation named: updateUsingPATCH_2
2021-05-10 16:19:19.796  INFO 4568 --- [main] .d.s.w.r.o.CachingOperationNameGenerator : Generating unique operation named: delMenuUsingDELETE_1
2021-05-10 16:19:19.797  INFO 4568 --- [main] .d.s.w.r.o.CachingOperationNameGenerator : Generating unique operation named: getListUsingGET_1
2021-05-10 16:19:19.798  INFO 4568 --- [main] .d.s.w.r.o.CachingOperationNameGenerator : Generating unique operation named: saveOneUsingPOST_1
2021-05-10 16:19:19.811  INFO 4568 --- [main] .d.s.w.r.o.CachingOperationNameGenerator : Generating unique operation named: updateUsingPATCH_3
2021-05-10 16:19:19.843  INFO 4568 --- [main] o.s.b.w.embedded.tomcat.TomcatWebServer  : Tomcat started on port(s): 8080 (http) with context path ''
2021-05-10 16:19:19.845  INFO 4568 --- [main] com.example.dcloud.DcloudApplication     : Started DcloudApplication in 2.402 seconds (JVM running for 2.823)
2021-05-10 16:19:24.165  INFO 4568 --- [http-nio-8080-exec-1] o.a.c.c.C.[Tomcat].[localhost].[/]       : Initializing Spring DispatcherServlet 'dispatcherServlet'
2021-05-10 16:19:24.166  INFO 4568 --- [http-nio-8080-exec-1] o.s.web.servlet.DispatcherServlet        : Initializing Servlet 'dispatcherServlet'
2021-05-10 16:19:24.173  INFO 4568 --- [http-nio-8080-exec-1] o.s.web.servlet.DispatcherServlet        : Completed initialization in 7 ms
2021-05-10 16:20:48.452  INFO 14972 --- [main] com.example.dcloud.DcloudApplication     : Starting DcloudApplication on DESKTOP-49UQ0KP with PID 14972 (started by paranoid in C:\Users\paranoid\Documents\Tencent Files\791937916\FileRecv\Springboot-cloud (1)\Springboot-cloud)
2021-05-10 16:20:48.454  INFO 14972 --- [main] com.example.dcloud.DcloudApplication     : No active profile set, falling back to default profiles: default
2021-05-10 16:20:49.281  INFO 14972 --- [main] o.s.b.w.embedded.tomcat.TomcatWebServer  : Tomcat initialized with port(s): 8080 (http)
2021-05-10 16:20:49.286  INFO 14972 --- [main] o.apache.catalina.core.StandardService   : Starting service [Tomcat]
2021-05-10 16:20:49.287  INFO 14972 --- [main] org.apache.catalina.core.StandardEngine  : Starting Servlet engine: [Apache Tomcat/9.0.31]
2021-05-10 16:20:49.339  INFO 14972 --- [main] o.a.c.c.C.[Tomcat].[localhost].[/]       : Initializing Spring embedded WebApplicationContext
2021-05-10 16:20:49.339  INFO 14972 --- [main] o.s.web.context.ContextLoader            : Root WebApplicationContext: initialization completed in 848 ms
2021-05-10 16:20:49.485  INFO 14972 --- [main] com.zaxxer.hikari.HikariDataSource       : DatebookHikariCP - Starting...
2021-05-10 16:20:49.704  INFO 14972 --- [main] com.zaxxer.hikari.HikariDataSource       : DatebookHikariCP - Start completed.
2021-05-10 16:20:50.284  INFO 14972 --- [main] pertySourcedRequestMappingHandlerMapping : Mapped URL path [/v2/api-docs] onto method [springfox.documentation.swagger2.web.Swagger2Controller#getDocumentation(String, HttpServletRequest)]
2021-05-10 16:20:50.335  INFO 14972 --- [main] o.s.s.concurrent.ThreadPoolTaskExecutor  : Initializing ExecutorService 'applicationTaskExecutor'
2021-05-10 16:20:50.426  INFO 14972 --- [main] d.s.w.p.DocumentationPluginsBootstrapper : Context refreshed
2021-05-10 16:20:50.436  INFO 14972 --- [main] d.s.w.p.DocumentationPluginsBootstrapper : Found 1 custom documentation plugin(s)
2021-05-10 16:20:50.465  INFO 14972 --- [main] s.d.s.w.s.ApiListingReferenceScanner     : Scanning for api listing references
2021-05-10 16:20:50.561  INFO 14972 --- [main] .d.s.w.r.o.CachingOperationNameGenerator : Generating unique operation named: getUsingGET_1
2021-05-10 16:20:50.562  INFO 14972 --- [main] .d.s.w.r.o.CachingOperationNameGenerator : Generating unique operation named: updateUsingPATCH_1
2021-05-10 16:20:50.565  INFO 14972 --- [main] .d.s.w.r.o.CachingOperationNameGenerator : Generating unique operation named: updateUsingPATCH_2
2021-05-10 16:20:50.579  INFO 14972 --- [main] .d.s.w.r.o.CachingOperationNameGenerator : Generating unique operation named: delMenuUsingDELETE_1
2021-05-10 16:20:50.580  INFO 14972 --- [main] .d.s.w.r.o.CachingOperationNameGenerator : Generating unique operation named: getListUsingGET_1
2021-05-10 16:20:50.581  INFO 14972 --- [main] .d.s.w.r.o.CachingOperationNameGenerator : Generating unique operation named: saveOneUsingPOST_1
2021-05-10 16:20:50.595  INFO 14972 --- [main] .d.s.w.r.o.CachingOperationNameGenerator : Generating unique operation named: updateUsingPATCH_3
2021-05-10 16:20:50.625  INFO 14972 --- [main] o.s.b.w.embedded.tomcat.TomcatWebServer  : Tomcat started on port(s): 8080 (http) with context path ''
2021-05-10 16:20:50.627  INFO 14972 --- [main] com.example.dcloud.DcloudApplication     : Started DcloudApplication in 2.405 seconds (JVM running for 2.833)
2021-05-10 16:20:52.171  INFO 14972 --- [http-nio-8080-exec-1] o.a.c.c.C.[Tomcat].[localhost].[/]       : Initializing Spring DispatcherServlet 'dispatcherServlet'
2021-05-10 16:20:52.172  INFO 14972 --- [http-nio-8080-exec-1] o.s.web.servlet.DispatcherServlet        : Initializing Servlet 'dispatcherServlet'
2021-05-10 16:20:52.178  INFO 14972 --- [http-nio-8080-exec-1] o.s.web.servlet.DispatcherServlet        : Completed initialization in 6 ms
2021-05-10 16:21:45.427  INFO 17528 --- [main] com.example.dcloud.DcloudApplication     : Starting DcloudApplication on DESKTOP-49UQ0KP with PID 17528 (started by paranoid in C:\Users\paranoid\Documents\Tencent Files\791937916\FileRecv\Springboot-cloud (1)\Springboot-cloud)
2021-05-10 16:21:45.429  INFO 17528 --- [main] com.example.dcloud.DcloudApplication     : No active profile set, falling back to default profiles: default
2021-05-10 16:21:46.266  INFO 17528 --- [main] o.s.b.w.embedded.tomcat.TomcatWebServer  : Tomcat initialized with port(s): 8080 (http)
2021-05-10 16:21:46.272  INFO 17528 --- [main] o.apache.catalina.core.StandardService   : Starting service [Tomcat]
2021-05-10 16:21:46.272  INFO 17528 --- [main] org.apache.catalina.core.StandardEngine  : Starting Servlet engine: [Apache Tomcat/9.0.31]
2021-05-10 16:21:46.324  INFO 17528 --- [main] o.a.c.c.C.[Tomcat].[localhost].[/]       : Initializing Spring embedded WebApplicationContext
2021-05-10 16:21:46.324  INFO 17528 --- [main] o.s.web.context.ContextLoader            : Root WebApplicationContext: initialization completed in 859 ms
2021-05-10 16:21:46.470  INFO 17528 --- [main] com.zaxxer.hikari.HikariDataSource       : DatebookHikariCP - Starting...
2021-05-10 16:21:46.686  INFO 17528 --- [main] com.zaxxer.hikari.HikariDataSource       : DatebookHikariCP - Start completed.
2021-05-10 16:21:47.264  INFO 17528 --- [main] pertySourcedRequestMappingHandlerMapping : Mapped URL path [/v2/api-docs] onto method [springfox.documentation.swagger2.web.Swagger2Controller#getDocumentation(String, HttpServletRequest)]
2021-05-10 16:21:47.316  INFO 17528 --- [main] o.s.s.concurrent.ThreadPoolTaskExecutor  : Initializing ExecutorService 'applicationTaskExecutor'
2021-05-10 16:21:47.408  INFO 17528 --- [main] d.s.w.p.DocumentationPluginsBootstrapper : Context refreshed
2021-05-10 16:21:47.418  INFO 17528 --- [main] d.s.w.p.DocumentationPluginsBootstrapper : Found 1 custom documentation plugin(s)
2021-05-10 16:21:47.448  INFO 17528 --- [main] s.d.s.w.s.ApiListingReferenceScanner     : Scanning for api listing references
2021-05-10 16:21:47.545  INFO 17528 --- [main] .d.s.w.r.o.CachingOperationNameGenerator : Generating unique operation named: getUsingGET_1
2021-05-10 16:21:47.547  INFO 17528 --- [main] .d.s.w.r.o.CachingOperationNameGenerator : Generating unique operation named: updateUsingPATCH_1
2021-05-10 16:21:47.550  INFO 17528 --- [main] .d.s.w.r.o.CachingOperationNameGenerator : Generating unique operation named: updateUsingPATCH_2
2021-05-10 16:21:47.563  INFO 17528 --- [main] .d.s.w.r.o.CachingOperationNameGenerator : Generating unique operation named: delMenuUsingDELETE_1
2021-05-10 16:21:47.564  INFO 17528 --- [main] .d.s.w.r.o.CachingOperationNameGenerator : Generating unique operation named: getListUsingGET_1
2021-05-10 16:21:47.564  INFO 17528 --- [main] .d.s.w.r.o.CachingOperationNameGenerator : Generating unique operation named: saveOneUsingPOST_1
2021-05-10 16:21:47.578  INFO 17528 --- [main] .d.s.w.r.o.CachingOperationNameGenerator : Generating unique operation named: updateUsingPATCH_3
2021-05-10 16:21:47.609  INFO 17528 --- [main] o.s.b.w.embedded.tomcat.TomcatWebServer  : Tomcat started on port(s): 8080 (http) with context path ''
2021-05-10 16:21:47.611  INFO 17528 --- [main] com.example.dcloud.DcloudApplication     : Started DcloudApplication in 2.414 seconds (JVM running for 2.835)
2021-05-10 16:21:49.755  INFO 17528 --- [http-nio-8080-exec-1] o.a.c.c.C.[Tomcat].[localhost].[/]       : Initializing Spring DispatcherServlet 'dispatcherServlet'
2021-05-10 16:21:49.755  INFO 17528 --- [http-nio-8080-exec-1] o.s.web.servlet.DispatcherServlet        : Initializing Servlet 'dispatcherServlet'
2021-05-10 16:21:49.759  INFO 17528 --- [http-nio-8080-exec-1] o.s.web.servlet.DispatcherServlet        : Completed initialization in 4 ms
2021-05-10 16:25:44.935  INFO 17000 --- [main] com.example.dcloud.DcloudApplication     : Starting DcloudApplication on DESKTOP-49UQ0KP with PID 17000 (started by paranoid in C:\Users\paranoid\Documents\Tencent Files\791937916\FileRecv\Springboot-cloud (1)\Springboot-cloud)
2021-05-10 16:25:44.937  INFO 17000 --- [main] com.example.dcloud.DcloudApplication     : No active profile set, falling back to default profiles: default
2021-05-10 16:25:45.762  INFO 17000 --- [main] o.s.b.w.embedded.tomcat.TomcatWebServer  : Tomcat initialized with port(s): 8080 (http)
2021-05-10 16:25:45.768  INFO 17000 --- [main] o.apache.catalina.core.StandardService   : Starting service [Tomcat]
2021-05-10 16:25:45.768  INFO 17000 --- [main] org.apache.catalina.core.StandardEngine  : Starting Servlet engine: [Apache Tomcat/9.0.31]
2021-05-10 16:25:45.819  INFO 17000 --- [main] o.a.c.c.C.[Tomcat].[localhost].[/]       : Initializing Spring embedded WebApplicationContext
2021-05-10 16:25:45.820  INFO 17000 --- [main] o.s.web.context.ContextLoader            : Root WebApplicationContext: initialization completed in 845 ms
2021-05-10 16:25:45.967  INFO 17000 --- [main] com.zaxxer.hikari.HikariDataSource       : DatebookHikariCP - Starting...
2021-05-10 16:25:46.183  INFO 17000 --- [main] com.zaxxer.hikari.HikariDataSource       : DatebookHikariCP - Start completed.
2021-05-10 16:25:46.763  INFO 17000 --- [main] pertySourcedRequestMappingHandlerMapping : Mapped URL path [/v2/api-docs] onto method [springfox.documentation.swagger2.web.Swagger2Controller#getDocumentation(String, HttpServletRequest)]
2021-05-10 16:25:46.812  INFO 17000 --- [main] o.s.s.concurrent.ThreadPoolTaskExecutor  : Initializing ExecutorService 'applicationTaskExecutor'
2021-05-10 16:25:46.900  INFO 17000 --- [main] d.s.w.p.DocumentationPluginsBootstrapper : Context refreshed
2021-05-10 16:25:46.910  INFO 17000 --- [main] d.s.w.p.DocumentationPluginsBootstrapper : Found 1 custom documentation plugin(s)
2021-05-10 16:25:46.939  INFO 17000 --- [main] s.d.s.w.s.ApiListingReferenceScanner     : Scanning for api listing references
2021-05-10 16:25:47.035  INFO 17000 --- [main] .d.s.w.r.o.CachingOperationNameGenerator : Generating unique operation named: getUsingGET_1
2021-05-10 16:25:47.036  INFO 17000 --- [main] .d.s.w.r.o.CachingOperationNameGenerator : Generating unique operation named: updateUsingPATCH_1
2021-05-10 16:25:47.039  INFO 17000 --- [main] .d.s.w.r.o.CachingOperationNameGenerator : Generating unique operation named: updateUsingPATCH_2
2021-05-10 16:25:47.052  INFO 17000 --- [main] .d.s.w.r.o.CachingOperationNameGenerator : Generating unique operation named: delMenuUsingDELETE_1
2021-05-10 16:25:47.053  INFO 17000 --- [main] .d.s.w.r.o.CachingOperationNameGenerator : Generating unique operation named: getListUsingGET_1
2021-05-10 16:25:47.054  INFO 17000 --- [main] .d.s.w.r.o.CachingOperationNameGenerator : Generating unique operation named: saveOneUsingPOST_1
2021-05-10 16:25:47.067  INFO 17000 --- [main] .d.s.w.r.o.CachingOperationNameGenerator : Generating unique operation named: updateUsingPATCH_3
2021-05-10 16:25:47.099  INFO 17000 --- [main] o.s.b.w.embedded.tomcat.TomcatWebServer  : Tomcat started on port(s): 8080 (http) with context path ''
2021-05-10 16:25:47.101  INFO 17000 --- [main] com.example.dcloud.DcloudApplication     : Started DcloudApplication in 2.398 seconds (JVM running for 2.819)
2021-05-10 16:25:49.917  INFO 17000 --- [http-nio-8080-exec-1] o.a.c.c.C.[Tomcat].[localhost].[/]       : Initializing Spring DispatcherServlet 'dispatcherServlet'
2021-05-10 16:25:49.917  INFO 17000 --- [http-nio-8080-exec-1] o.s.web.servlet.DispatcherServlet        : Initializing Servlet 'dispatcherServlet'
2021-05-10 16:25:49.921  INFO 17000 --- [http-nio-8080-exec-1] o.s.web.servlet.DispatcherServlet        : Completed initialization in 4 ms
2021-05-10 16:28:51.253  INFO 10800 --- [main] com.example.dcloud.DcloudApplication     : Starting DcloudApplication on DESKTOP-49UQ0KP with PID 10800 (started by paranoid in C:\Users\paranoid\Documents\Tencent Files\791937916\FileRecv\Springboot-cloud (1)\Springboot-cloud)
2021-05-10 16:28:51.255  INFO 10800 --- [main] com.example.dcloud.DcloudApplication     : No active profile set, falling back to default profiles: default
2021-05-10 16:28:52.161  INFO 10800 --- [main] o.s.b.w.embedded.tomcat.TomcatWebServer  : Tomcat initialized with port(s): 8080 (http)
2021-05-10 16:28:52.167  INFO 10800 --- [main] o.apache.catalina.core.StandardService   : Starting service [Tomcat]
2021-05-10 16:28:52.167  INFO 10800 --- [main] org.apache.catalina.core.StandardEngine  : Starting Servlet engine: [Apache Tomcat/9.0.31]
2021-05-10 16:28:52.224  INFO 10800 --- [main] o.a.c.c.C.[Tomcat].[localhost].[/]       : Initializing Spring embedded WebApplicationContext
2021-05-10 16:28:52.224  INFO 10800 --- [main] o.s.web.context.ContextLoader            : Root WebApplicationContext: initialization completed in 928 ms
2021-05-10 16:28:52.378  INFO 10800 --- [main] com.zaxxer.hikari.HikariDataSource       : DatebookHikariCP - Starting...
2021-05-10 16:28:52.608  INFO 10800 --- [main] com.zaxxer.hikari.HikariDataSource       : DatebookHikariCP - Start completed.
2021-05-10 16:28:53.185  INFO 10800 --- [main] pertySourcedRequestMappingHandlerMapping : Mapped URL path [/v2/api-docs] onto method [springfox.documentation.swagger2.web.Swagger2Controller#getDocumentation(String, HttpServletRequest)]
2021-05-10 16:28:53.236  INFO 10800 --- [main] o.s.s.concurrent.ThreadPoolTaskExecutor  : Initializing ExecutorService 'applicationTaskExecutor'
2021-05-10 16:28:53.328  INFO 10800 --- [main] d.s.w.p.DocumentationPluginsBootstrapper : Context refreshed
2021-05-10 16:28:53.337  INFO 10800 --- [main] d.s.w.p.DocumentationPluginsBootstrapper : Found 1 custom documentation plugin(s)
2021-05-10 16:28:53.367  INFO 10800 --- [main] s.d.s.w.s.ApiListingReferenceScanner     : Scanning for api listing references
2021-05-10 16:28:53.468  INFO 10800 --- [main] .d.s.w.r.o.CachingOperationNameGenerator : Generating unique operation named: getUsingGET_1
2021-05-10 16:28:53.469  INFO 10800 --- [main] .d.s.w.r.o.CachingOperationNameGenerator : Generating unique operation named: updateUsingPATCH_1
2021-05-10 16:28:53.473  INFO 10800 --- [main] .d.s.w.r.o.CachingOperationNameGenerator : Generating unique operation named: updateUsingPATCH_2
2021-05-10 16:28:53.486  INFO 10800 --- [main] .d.s.w.r.o.CachingOperationNameGenerator : Generating unique operation named: delMenuUsingDELETE_1
2021-05-10 16:28:53.487  INFO 10800 --- [main] .d.s.w.r.o.CachingOperationNameGenerator : Generating unique operation named: getListUsingGET_1
2021-05-10 16:28:53.487  INFO 10800 --- [main] .d.s.w.r.o.CachingOperationNameGenerator : Generating unique operation named: saveOneUsingPOST_1
2021-05-10 16:28:53.501  INFO 10800 --- [main] .d.s.w.r.o.CachingOperationNameGenerator : Generating unique operation named: updateUsingPATCH_3
2021-05-10 16:28:53.532  INFO 10800 --- [main] o.s.b.w.embedded.tomcat.TomcatWebServer  : Tomcat started on port(s): 8080 (http) with context path ''
2021-05-10 16:28:53.534  INFO 10800 --- [main] com.example.dcloud.DcloudApplication     : Started DcloudApplication in 2.521 seconds (JVM running for 2.961)
2021-05-10 16:28:57.623  INFO 10800 --- [http-nio-8080-exec-1] o.a.c.c.C.[Tomcat].[localhost].[/]       : Initializing Spring DispatcherServlet 'dispatcherServlet'
2021-05-10 16:28:57.624  INFO 10800 --- [http-nio-8080-exec-1] o.s.web.servlet.DispatcherServlet        : Initializing Servlet 'dispatcherServlet'
2021-05-10 16:28:57.627  INFO 10800 --- [http-nio-8080-exec-1] o.s.web.servlet.DispatcherServlet        : Completed initialization in 3 ms
2021-05-10 16:46:24.973  INFO 11976 --- [main] com.example.dcloud.DcloudApplication     : Starting DcloudApplication on DESKTOP-49UQ0KP with PID 11976 (started by paranoid in C:\Users\paranoid\Documents\Tencent Files\791937916\FileRecv\Springboot-cloud (1)\Springboot-cloud)
2021-05-10 16:46:24.975  INFO 11976 --- [main] com.example.dcloud.DcloudApplication     : No active profile set, falling back to default profiles: default
2021-05-10 16:46:25.896  INFO 11976 --- [main] o.s.b.w.embedded.tomcat.TomcatWebServer  : Tomcat initialized with port(s): 8080 (http)
2021-05-10 16:46:25.903  INFO 11976 --- [main] o.apache.catalina.core.StandardService   : Starting service [Tomcat]
2021-05-10 16:46:25.903  INFO 11976 --- [main] org.apache.catalina.core.StandardEngine  : Starting Servlet engine: [Apache Tomcat/9.0.31]
2021-05-10 16:46:26.022  INFO 11976 --- [main] o.a.c.c.C.[Tomcat].[localhost].[/]       : Initializing Spring embedded WebApplicationContext
2021-05-10 16:46:26.022  INFO 11976 --- [main] o.s.web.context.ContextLoader            : Root WebApplicationContext: initialization completed in 1011 ms
2021-05-10 16:46:26.213  INFO 11976 --- [main] com.zaxxer.hikari.HikariDataSource       : DatebookHikariCP - Starting...
2021-05-10 16:46:26.627  INFO 11976 --- [main] com.zaxxer.hikari.HikariDataSource       : DatebookHikariCP - Start completed.
2021-05-10 16:46:27.311  INFO 11976 --- [main] pertySourcedRequestMappingHandlerMapping : Mapped URL path [/v2/api-docs] onto method [springfox.documentation.swagger2.web.Swagger2Controller#getDocumentation(String, HttpServletRequest)]
2021-05-10 16:46:27.363  INFO 11976 --- [main] o.s.s.concurrent.ThreadPoolTaskExecutor  : Initializing ExecutorService 'applicationTaskExecutor'
2021-05-10 16:46:27.455  INFO 11976 --- [main] d.s.w.p.DocumentationPluginsBootstrapper : Context refreshed
2021-05-10 16:46:27.465  INFO 11976 --- [main] d.s.w.p.DocumentationPluginsBootstrapper : Found 1 custom documentation plugin(s)
2021-05-10 16:46:27.494  INFO 11976 --- [main] s.d.s.w.s.ApiListingReferenceScanner     : Scanning for api listing references
2021-05-10 16:46:27.600  INFO 11976 --- [main] .d.s.w.r.o.CachingOperationNameGenerator : Generating unique operation named: getUsingGET_1
2021-05-10 16:46:27.601  INFO 11976 --- [main] .d.s.w.r.o.CachingOperationNameGenerator : Generating unique operation named: updateUsingPATCH_1
2021-05-10 16:46:27.604  INFO 11976 --- [main] .d.s.w.r.o.CachingOperationNameGenerator : Generating unique operation named: updateUsingPATCH_2
2021-05-10 16:46:27.618  INFO 11976 --- [main] .d.s.w.r.o.CachingOperationNameGenerator : Generating unique operation named: delMenuUsingDELETE_1
2021-05-10 16:46:27.619  INFO 11976 --- [main] .d.s.w.r.o.CachingOperationNameGenerator : Generating unique operation named: getListUsingGET_1
2021-05-10 16:46:27.619  INFO 11976 --- [main] .d.s.w.r.o.CachingOperationNameGenerator : Generating unique operation named: saveOneUsingPOST_1
2021-05-10 16:46:27.632  INFO 11976 --- [main] .d.s.w.r.o.CachingOperationNameGenerator : Generating unique operation named: updateUsingPATCH_3
2021-05-10 16:46:27.663  INFO 11976 --- [main] o.s.b.w.embedded.tomcat.TomcatWebServer  : Tomcat started on port(s): 8080 (http) with context path ''
2021-05-10 16:46:27.665  INFO 11976 --- [main] com.example.dcloud.DcloudApplication     : Started DcloudApplication in 2.917 seconds (JVM running for 3.336)
2021-05-10 16:46:41.734  INFO 11976 --- [http-nio-8080-exec-1] o.a.c.c.C.[Tomcat].[localhost].[/]       : Initializing Spring DispatcherServlet 'dispatcherServlet'
2021-05-10 16:46:41.734  INFO 11976 --- [http-nio-8080-exec-1] o.s.web.servlet.DispatcherServlet        : Initializing Servlet 'dispatcherServlet'
2021-05-10 16:46:41.738  INFO 11976 --- [http-nio-8080-exec-1] o.s.web.servlet.DispatcherServlet        : Completed initialization in 4 ms
2021-05-10 20:10:03.724  INFO 13276 --- [main] com.example.dcloud.DcloudApplication     : Starting DcloudApplication on DESKTOP-49UQ0KP with PID 13276 (started by paranoid in C:\Users\paranoid\Documents\Tencent Files\791937916\FileRecv\Springboot-cloud (1)\Springboot-cloud)
2021-05-10 20:10:03.726  INFO 13276 --- [main] com.example.dcloud.DcloudApplication     : No active profile set, falling back to default profiles: default
2021-05-10 20:10:05.651  INFO 13276 --- [main] o.s.b.w.embedded.tomcat.TomcatWebServer  : Tomcat initialized with port(s): 8080 (http)
2021-05-10 20:10:05.684  INFO 13276 --- [main] o.apache.catalina.core.StandardService   : Starting service [Tomcat]
2021-05-10 20:10:05.685  INFO 13276 --- [main] org.apache.catalina.core.StandardEngine  : Starting Servlet engine: [Apache Tomcat/9.0.31]
2021-05-10 20:10:05.782  INFO 13276 --- [main] o.a.c.c.C.[Tomcat].[localhost].[/]       : Initializing Spring embedded WebApplicationContext
2021-05-10 20:10:05.783  INFO 13276 --- [main] o.s.web.context.ContextLoader            : Root WebApplicationContext: initialization completed in 2009 ms
2021-05-10 20:10:06.044  INFO 13276 --- [main] com.zaxxer.hikari.HikariDataSource       : DatebookHikariCP - Starting...
2021-05-10 20:10:06.482  INFO 13276 --- [main] com.zaxxer.hikari.HikariDataSource       : DatebookHikariCP - Start completed.
2021-05-10 20:10:07.539  INFO 13276 --- [main] pertySourcedRequestMappingHandlerMapping : Mapped URL path [/v2/api-docs] onto method [springfox.documentation.swagger2.web.Swagger2Controller#getDocumentation(String, HttpServletRequest)]
2021-05-10 20:10:07.594  INFO 13276 --- [main] o.s.s.concurrent.ThreadPoolTaskExecutor  : Initializing ExecutorService 'applicationTaskExecutor'
2021-05-10 20:10:07.711  INFO 13276 --- [main] d.s.w.p.DocumentationPluginsBootstrapper : Context refreshed
2021-05-10 20:10:07.724  INFO 13276 --- [main] d.s.w.p.DocumentationPluginsBootstrapper : Found 1 custom documentation plugin(s)
2021-05-10 20:10:07.757  INFO 13276 --- [main] s.d.s.w.s.ApiListingReferenceScanner     : Scanning for api listing references
2021-05-10 20:10:07.872  INFO 13276 --- [main] .d.s.w.r.o.CachingOperationNameGenerator : Generating unique operation named: getUsingGET_1
2021-05-10 20:10:07.873  INFO 13276 --- [main] .d.s.w.r.o.CachingOperationNameGenerator : Generating unique operation named: updateUsingPATCH_1
2021-05-10 20:10:07.877  INFO 13276 --- [main] .d.s.w.r.o.CachingOperationNameGenerator : Generating unique operation named: updateUsingPATCH_2
2021-05-10 20:10:07.889  INFO 13276 --- [main] .d.s.w.r.o.CachingOperationNameGenerator : Generating unique operation named: delMenuUsingDELETE_1
2021-05-10 20:10:07.890  INFO 13276 --- [main] .d.s.w.r.o.CachingOperationNameGenerator : Generating unique operation named: getListUsingGET_1
2021-05-10 20:10:07.891  INFO 13276 --- [main] .d.s.w.r.o.CachingOperationNameGenerator : Generating unique operation named: saveOneUsingPOST_1
2021-05-10 20:10:07.905  INFO 13276 --- [main] .d.s.w.r.o.CachingOperationNameGenerator : Generating unique operation named: updateUsingPATCH_3
2021-05-10 20:10:07.951  INFO 13276 --- [main] o.s.b.w.embedded.tomcat.TomcatWebServer  : Tomcat started on port(s): 8080 (http) with context path ''
2021-05-10 20:10:07.953  INFO 13276 --- [main] com.example.dcloud.DcloudApplication     : Started DcloudApplication in 4.605 seconds (JVM running for 6.121)
2021-05-10 20:10:16.737  INFO 13276 --- [http-nio-8080-exec-1] o.a.c.c.C.[Tomcat].[localhost].[/]       : Initializing Spring DispatcherServlet 'dispatcherServlet'
2021-05-10 20:10:16.738  INFO 13276 --- [http-nio-8080-exec-1] o.s.web.servlet.DispatcherServlet        : Initializing Servlet 'dispatcherServlet'
2021-05-10 20:10:16.744  INFO 13276 --- [http-nio-8080-exec-1] o.s.web.servlet.DispatcherServlet        : Completed initialization in 6 ms
2021-05-10 20:47:57.704  INFO 17188 --- [main] com.example.dcloud.DcloudApplication     : Starting DcloudApplication on DESKTOP-49UQ0KP with PID 17188 (started by paranoid in C:\Users\paranoid\Documents\Tencent Files\791937916\FileRecv\Springboot-cloud (1)\Springboot-cloud)
2021-05-10 20:47:57.706  INFO 17188 --- [main] com.example.dcloud.DcloudApplication     : No active profile set, falling back to default profiles: default
2021-05-10 20:47:58.533  INFO 17188 --- [main] o.s.b.w.embedded.tomcat.TomcatWebServer  : Tomcat initialized with port(s): 8080 (http)
2021-05-10 20:47:58.539  INFO 17188 --- [main] o.apache.catalina.core.StandardService   : Starting service [Tomcat]
2021-05-10 20:47:58.539  INFO 17188 --- [main] org.apache.catalina.core.StandardEngine  : Starting Servlet engine: [Apache Tomcat/9.0.31]
2021-05-10 20:47:58.591  INFO 17188 --- [main] o.a.c.c.C.[Tomcat].[localhost].[/]       : Initializing Spring embedded WebApplicationContext
2021-05-10 20:47:58.591  INFO 17188 --- [main] o.s.web.context.ContextLoader            : Root WebApplicationContext: initialization completed in 851 ms
2021-05-10 20:47:58.739  INFO 17188 --- [main] com.zaxxer.hikari.HikariDataSource       : DatebookHikariCP - Starting...
2021-05-10 20:47:58.973  INFO 17188 --- [main] com.zaxxer.hikari.HikariDataSource       : DatebookHikariCP - Start completed.
2021-05-10 20:47:59.659  INFO 17188 --- [main] pertySourcedRequestMappingHandlerMapping : Mapped URL path [/v2/api-docs] onto method [springfox.documentation.swagger2.web.Swagger2Controller#getDocumentation(String, HttpServletRequest)]
2021-05-10 20:47:59.717  INFO 17188 --- [main] o.s.s.concurrent.ThreadPoolTaskExecutor  : Initializing ExecutorService 'applicationTaskExecutor'
2021-05-10 20:47:59.815  INFO 17188 --- [main] d.s.w.p.DocumentationPluginsBootstrapper : Context refreshed
2021-05-10 20:47:59.825  INFO 17188 --- [main] d.s.w.p.DocumentationPluginsBootstrapper : Found 1 custom documentation plugin(s)
2021-05-10 20:47:59.855  INFO 17188 --- [main] s.d.s.w.s.ApiListingReferenceScanner     : Scanning for api listing references
2021-05-10 20:47:59.963  INFO 17188 --- [main] .d.s.w.r.o.CachingOperationNameGenerator : Generating unique operation named: getUsingGET_1
2021-05-10 20:47:59.965  INFO 17188 --- [main] .d.s.w.r.o.CachingOperationNameGenerator : Generating unique operation named: updateUsingPATCH_1
2021-05-10 20:47:59.970  INFO 17188 --- [main] .d.s.w.r.o.CachingOperationNameGenerator : Generating unique operation named: updateUsingPATCH_2
2021-05-10 20:47:59.984  INFO 17188 --- [main] .d.s.w.r.o.CachingOperationNameGenerator : Generating unique operation named: delMenuUsingDELETE_1
2021-05-10 20:47:59.985  INFO 17188 --- [main] .d.s.w.r.o.CachingOperationNameGenerator : Generating unique operation named: getListUsingGET_1
2021-05-10 20:47:59.985  INFO 17188 --- [main] .d.s.w.r.o.CachingOperationNameGenerator : Generating unique operation named: saveOneUsingPOST_1
2021-05-10 20:48:00.001  INFO 17188 --- [main] .d.s.w.r.o.CachingOperationNameGenerator : Generating unique operation named: updateUsingPATCH_3
2021-05-10 20:48:00.039  INFO 17188 --- [main] o.s.b.w.embedded.tomcat.TomcatWebServer  : Tomcat started on port(s): 8080 (http) with context path ''
2021-05-10 20:48:00.041  INFO 17188 --- [main] com.example.dcloud.DcloudApplication     : Started DcloudApplication in 2.559 seconds (JVM running for 3.009)
2021-05-10 20:48:24.500  INFO 17188 --- [http-nio-8080-exec-1] o.a.c.c.C.[Tomcat].[localhost].[/]       : Initializing Spring DispatcherServlet 'dispatcherServlet'
2021-05-10 20:48:24.500  INFO 17188 --- [http-nio-8080-exec-1] o.s.web.servlet.DispatcherServlet        : Initializing Servlet 'dispatcherServlet'
2021-05-10 20:48:24.504  INFO 17188 --- [http-nio-8080-exec-1] o.s.web.servlet.DispatcherServlet        : Completed initialization in 4 ms
