2021-06-29 13:04:55.274  INFO 21028 --- [main] com.example.dcloud.DcloudApplication     : Starting DcloudApplication on DESKTOP-49UQ0KP with PID 21028 (D:\Springboot-cloud\dcloud\target\classes started by paranoid in D:\Springboot-cloud)
2021-06-29 13:04:55.278  INFO 21028 --- [main] com.example.dcloud.DcloudApplication     : No active profile set, falling back to default profiles: default
2021-06-29 13:04:57.140  INFO 21028 --- [main] o.s.b.w.embedded.tomcat.TomcatWebServer  : Tomcat initialized with port(s): 8080 (http)
2021-06-29 13:04:57.155  INFO 21028 --- [main] o.apache.catalina.core.StandardService   : Starting service [Tomcat]
2021-06-29 13:04:57.155  INFO 21028 --- [main] org.apache.catalina.core.StandardEngine  : Starting Servlet engine: [Apache Tomcat/9.0.31]
2021-06-29 13:04:57.259  INFO 21028 --- [main] o.a.c.c.C.[Tomcat].[localhost].[/]       : Initializing Spring embedded WebApplicationContext
2021-06-29 13:04:57.259  INFO 21028 --- [main] o.s.web.context.ContextLoader            : Root WebApplicationContext: initialization completed in 1846 ms
2021-06-29 13:04:57.557  INFO 21028 --- [main] com.zaxxer.hikari.HikariDataSource       : DatebookHikariCP - Starting...
2021-06-29 13:04:58.308  INFO 21028 --- [main] com.zaxxer.hikari.HikariDataSource       : DatebookHikariCP - Start completed.
2021-06-29 13:04:59.280  INFO 21028 --- [main] pertySourcedRequestMappingHandlerMapping : Mapped URL path [/v2/api-docs] onto method [springfox.documentation.swagger2.web.Swagger2Controller#getDocumentation(String, HttpServletRequest)]
2021-06-29 13:04:59.335  INFO 21028 --- [main] o.s.s.concurrent.ThreadPoolTaskExecutor  : Initializing ExecutorService 'applicationTaskExecutor'
2021-06-29 13:04:59.447  INFO 21028 --- [main] d.s.w.p.DocumentationPluginsBootstrapper : Context refreshed
2021-06-29 13:04:59.468  INFO 21028 --- [main] d.s.w.p.DocumentationPluginsBootstrapper : Found 1 custom documentation plugin(s)
2021-06-29 13:04:59.524  INFO 21028 --- [main] s.d.s.w.s.ApiListingReferenceScanner     : Scanning for api listing references
2021-06-29 13:04:59.663  INFO 21028 --- [main] .d.s.w.r.o.CachingOperationNameGenerator : Generating unique operation named: updateUsingPATCH_1
2021-06-29 13:04:59.666  INFO 21028 --- [main] .d.s.w.r.o.CachingOperationNameGenerator : Generating unique operation named: updateUsingPATCH_2
2021-06-29 13:04:59.677  INFO 21028 --- [main] .d.s.w.r.o.CachingOperationNameGenerator : Generating unique operation named: delMenuUsingDELETE_1
2021-06-29 13:04:59.678  INFO 21028 --- [main] .d.s.w.r.o.CachingOperationNameGenerator : Generating unique operation named: getListUsingGET_1
2021-06-29 13:04:59.679  INFO 21028 --- [main] .d.s.w.r.o.CachingOperationNameGenerator : Generating unique operation named: saveOneUsingPOST_1
2021-06-29 13:04:59.698  INFO 21028 --- [main] .d.s.w.r.o.CachingOperationNameGenerator : Generating unique operation named: addOneUsingPOST_1
2021-06-29 13:04:59.699  INFO 21028 --- [main] .d.s.w.r.o.CachingOperationNameGenerator : Generating unique operation named: deleteUsingDELETE_1
2021-06-29 13:04:59.701  INFO 21028 --- [main] .d.s.w.r.o.CachingOperationNameGenerator : Generating unique operation named: updateUsingPATCH_3
2021-06-29 13:04:59.771  INFO 21028 --- [main] o.s.b.w.embedded.tomcat.TomcatWebServer  : Tomcat started on port(s): 8080 (http) with context path ''
2021-06-29 13:04:59.774  INFO 21028 --- [main] com.example.dcloud.DcloudApplication     : Started DcloudApplication in 5.38 seconds (JVM running for 10.383)
2021-06-29 13:05:38.635  INFO 21028 --- [http-nio-8080-exec-1] o.a.c.c.C.[Tomcat].[localhost].[/]       : Initializing Spring DispatcherServlet 'dispatcherServlet'
2021-06-29 13:05:38.635  INFO 21028 --- [http-nio-8080-exec-1] o.s.web.servlet.DispatcherServlet        : Initializing Servlet 'dispatcherServlet'
2021-06-29 13:05:38.641  INFO 21028 --- [http-nio-8080-exec-1] o.s.web.servlet.DispatcherServlet        : Completed initialization in 6 ms
2021-06-29 15:02:53.003  INFO 16192 --- [main] com.example.dcloud.DcloudApplication     : Starting DcloudApplication on DESKTOP-49UQ0KP with PID 16192 (G:\springboot-cloud\dcloud\target\classes started by paranoid in G:\springboot-cloud)
2021-06-29 15:02:53.029  INFO 16192 --- [main] com.example.dcloud.DcloudApplication     : No active profile set, falling back to default profiles: default
2021-06-29 15:02:55.267  INFO 16192 --- [main] o.s.b.w.embedded.tomcat.TomcatWebServer  : Tomcat initialized with port(s): 8080 (http)
2021-06-29 15:02:55.418  INFO 16192 --- [main] o.apache.catalina.core.StandardService   : Starting service [Tomcat]
2021-06-29 15:02:55.418  INFO 16192 --- [main] org.apache.catalina.core.StandardEngine  : Starting Servlet engine: [Apache Tomcat/9.0.31]
2021-06-29 15:02:55.533  INFO 16192 --- [main] o.a.c.c.C.[Tomcat].[localhost].[/]       : Initializing Spring embedded WebApplicationContext
2021-06-29 15:02:55.533  INFO 16192 --- [main] o.s.web.context.ContextLoader            : Root WebApplicationContext: initialization completed in 2451 ms
2021-06-29 15:02:55.907  INFO 16192 --- [main] com.zaxxer.hikari.HikariDataSource       : DatebookHikariCP - Starting...
2021-06-29 15:02:56.606  INFO 16192 --- [main] com.zaxxer.hikari.HikariDataSource       : DatebookHikariCP - Start completed.
2021-06-29 15:02:57.534  INFO 16192 --- [main] pertySourcedRequestMappingHandlerMapping : Mapped URL path [/v2/api-docs] onto method [springfox.documentation.swagger2.web.Swagger2Controller#getDocumentation(String, HttpServletRequest)]
2021-06-29 15:02:57.719  INFO 16192 --- [main] o.s.s.concurrent.ThreadPoolTaskExecutor  : Initializing ExecutorService 'applicationTaskExecutor'
2021-06-29 15:02:57.840  INFO 16192 --- [main] d.s.w.p.DocumentationPluginsBootstrapper : Context refreshed
2021-06-29 15:02:57.852  INFO 16192 --- [main] d.s.w.p.DocumentationPluginsBootstrapper : Found 1 custom documentation plugin(s)
2021-06-29 15:02:57.883  INFO 16192 --- [main] s.d.s.w.s.ApiListingReferenceScanner     : Scanning for api listing references
2021-06-29 15:02:58.012  INFO 16192 --- [main] .d.s.w.r.o.CachingOperationNameGenerator : Generating unique operation named: updateUsingPATCH_1
2021-06-29 15:02:58.015  INFO 16192 --- [main] .d.s.w.r.o.CachingOperationNameGenerator : Generating unique operation named: updateUsingPATCH_2
2021-06-29 15:02:58.027  INFO 16192 --- [main] .d.s.w.r.o.CachingOperationNameGenerator : Generating unique operation named: delMenuUsingDELETE_1
2021-06-29 15:02:58.028  INFO 16192 --- [main] .d.s.w.r.o.CachingOperationNameGenerator : Generating unique operation named: getListUsingGET_1
2021-06-29 15:02:58.029  INFO 16192 --- [main] .d.s.w.r.o.CachingOperationNameGenerator : Generating unique operation named: saveOneUsingPOST_1
2021-06-29 15:02:58.048  INFO 16192 --- [main] .d.s.w.r.o.CachingOperationNameGenerator : Generating unique operation named: addOneUsingPOST_1
2021-06-29 15:02:58.049  INFO 16192 --- [main] .d.s.w.r.o.CachingOperationNameGenerator : Generating unique operation named: deleteUsingDELETE_1
2021-06-29 15:02:58.051  INFO 16192 --- [main] .d.s.w.r.o.CachingOperationNameGenerator : Generating unique operation named: updateUsingPATCH_3
2021-06-29 15:02:58.110  INFO 16192 --- [main] o.s.b.w.embedded.tomcat.TomcatWebServer  : Tomcat started on port(s): 8080 (http) with context path ''
2021-06-29 15:02:58.112  INFO 16192 --- [main] com.example.dcloud.DcloudApplication     : Started DcloudApplication in 5.972 seconds (JVM running for 9.113)
